<?xml version="1.0" encoding="UTF-8"?>
<!-- Generated by org.testng.reporters.JUnitReportReporter -->
<testsuite hostname="Enthrall_IT" failures="0" tests="3" name="pages.HomePageTest" time="20.712" errors="0" timestamp="2022-09-26T20:49:56 EDT" skipped="0">
  <testcase classname="pages.HomePageTest" name="searchFieldTest" time="1.845"/>
  <system-out/>
  <testcase classname="pages.HomePageTest" name="startSellingTest02" time="7.569"/>
  <system-out/>
  <testcase classname="pages.HomePageTest" name="startSellingTest01" time="11.298"/>
  <system-out/>
</testsuite> <!-- pages.HomePageTest -->
